15 Nov 2021 - 

- Calculated Gradients are;

{1: [(-64347.73494550724-76209.42088064326j), (-71352.88831949956-69682.51203963641j)], 
 2: [(-75701.37436103733-76534.85793910068j), (-82664.98156355566-68924.73639378721j)], 
 3: [(-30734.535231024496-58212.703230475934j), (-36203.628164921975-54978.51141384108j)], 
 4: [(-79604.2853035838+21349.626328876722j), (-76839.34722494573+29500.420086253424j)], 
 5: [(-660801.9165882808+752559.9219748578j), (-590578.0033331442+812444.135145418j)], 
 6: [(817423.9027544374+769015.3524481794j), (887542.8177608927+685623.5683425923j)], 
 7: [(11645912.703838103+4821386.419990005j), (12093878.059331004+3662082.436803364j)], 
 8: [(35592.05541776717-36797.743724984175j), (31753.344051648524-40098.204699103386j)], 
 9: [(-7472.93393989773-15929.786186237703j), (-8972.79951821163-15145.773456063518j)], 
 10: [(-9399.907737278598-21493.6387011189j), (-11421.520011960027-20499.713981200803j)], 
 11: [(4447.639333485367+12713.616313292288j), (5648.528690298435+12231.566622858374j)]}

Total execution time is:  0:08:53.309685

10 Mar 2022 -

'lc_1': 2e-2,
'lc_2': 2e-2
            
{'omega_1': (3179.396228964169+393.7837617632155j), 'omega_2': (3186.3882865847218+478.7164358442812j), 'omega_adj_1': (3179.3962289641236-393.78376176320273j), 'omega_adj_2': (3186.388286584713-478.716435844286j)}

{1: [(-106216.64819010241-28842.47439768992j), (-103946.74776043865-18915.913927299673j)], 
2: [(-120427.8118610474-22496.42216972298j), (-115882.5094856025-7674.228319903667j)], 
3: [(-63458.781851744425-33189.66853070488j), (-63112.45562449481-26373.75179107947j)], 
4: [(-73717.70010223417-131939.37288347658j), (-49697.42069054075-63019.47856905913j)], 
5: [(684957.2778507026-579238.1325467043j), (532694.4248702549-1595269.9056810471j)], 
6: [(967578.1344932624+909531.8896318685j), (999481.6784963995+1340884.680977521j)], 
7: [(10869188.591875758+7106584.5287730675j), (10621772.732638739+8758862.148712022j)], 
8: [(53168.429515806725-26932.53306653828j), (54254.63724106943-37712.01325530575j)], 
9: [(1810.7615785676226-13717.787385280362j), (3043.4302117964553-17031.987110311344j)], 
10: [(3039.992465215346-18417.460987942064j), (4626.13921984906-22611.29868677982j)], 
11: [(-1736.0096429541263+9576.824700545447j), (-4317.264466591498+12156.929409672326j)]}

Total execution time is:  0:11:49.130839
